<?xml version="1.0" encoding="UTF-8"?>
<!-- Generated by org.testng.reporters.JUnitReportReporter -->
<testsuite skipped="0" hostname="DESKTOP-EM3OVKO" name="com.techmax.practice.TestngDataprovider" tests="5" failures="0" timestamp="16 Aug 2022 03:31:53 GMT" time="0.027" errors="0">
  <testcase name="getHeadsetList" time="0.003" classname="com.techmax.practice.TestngDataprovider"/>
  <testcase name="getHeadsetList" time="0.003" classname="com.techmax.practice.TestngDataprovider"/>
  <testcase name="getHeadsetList" time="0.002" classname="com.techmax.practice.TestngDataprovider"/>
  <testcase name="getHeadsetList" time="0.017" classname="com.techmax.practice.TestngDataprovider"/>
  <testcase name="getHeadsetList" time="0.002" classname="com.techmax.practice.TestngDataprovider"/>
</testsuite> <!-- com.techmax.practice.TestngDataprovider -->
