<?xml version="1.0" encoding="UTF-8"?>
<!-- Generated by org.testng.reporters.JUnitReportReporter -->
<testsuite skipped="0" hostname="DESKTOP-EM3OVKO" name="com.techmax.practice.TestngPropertyFile" tests="3" failures="0" timestamp="15 Aug 2022 09:09:34 GMT" time="0.026" errors="0">
  <testcase name="createSup" time="0.017" classname="com.techmax.practice.TestngPropertyFile"/>
  <testcase name="createProduct" time="0.006" classname="com.techmax.practice.TestngPropertyFile"/>
  <testcase name="editProduct" time="0.003" classname="com.techmax.practice.TestngPropertyFile"/>
</testsuite> <!-- com.techmax.practice.TestngPropertyFile -->
