<?xml version="1.0" encoding="UTF-8"?>
<!-- Generated by org.testng.reporters.JUnitReportReporter -->
<testsuite skipped="0" hostname="DESKTOP-EM3OVKO" name="com.techmax.practice.TestngPriority" tests="3" failures="0" timestamp="16 Aug 2022 02:50:48 GMT" time="0.019" errors="0">
  <testcase name="createSup" time="0.014" classname="com.techmax.practice.TestngPriority"/>
  <testcase name="createProduct" time="0.003" classname="com.techmax.practice.TestngPriority"/>
  <testcase name="editProduct" time="0.002" classname="com.techmax.practice.TestngPriority"/>
</testsuite> <!-- com.techmax.practice.TestngPriority -->
