<?xml version="1.0" encoding="UTF-8"?>
<!-- Generated by org.testng.reporters.JUnitReportReporter -->
<testsuite skipped="0" hostname="DESKTOP-EM3OVKO" name="com.techmax.practice.FlipkartMobiles" tests="1" failures="0" timestamp="19 Jan 2023 09:13:16 GMT" time="27.339" errors="0">
  <testcase name="MobileNames" time="27.339" classname="com.techmax.practice.FlipkartMobiles"/>
</testsuite> <!-- com.techmax.practice.FlipkartMobiles -->
