<?xml version="1.0" encoding="UTF-8"?>
<!-- Generated by org.testng.reporters.JUnitReportReporter -->
<testsuite skipped="0" hostname="DESKTOP-EM3OVKO" name="com.techmax.practice.TestngInvocationCount" tests="7" failures="0" timestamp="16 Aug 2022 03:09:20 GMT" time="0.038" errors="0">
  <testcase name="createSupplier" time="0.016" classname="com.techmax.practice.TestngInvocationCount"/>
  <testcase name="purchaseProduct" time="0.003" classname="com.techmax.practice.TestngInvocationCount"/>
  <testcase name="createProduct" time="0.002" classname="com.techmax.practice.TestngInvocationCount"/>
  <testcase name="createProduct" time="0.005" classname="com.techmax.practice.TestngInvocationCount"/>
  <testcase name="createProduct" time="0.003" classname="com.techmax.practice.TestngInvocationCount"/>
  <testcase name="createProduct" time="0.002" classname="com.techmax.practice.TestngInvocationCount"/>
  <testcase name="createProduct" time="0.007" classname="com.techmax.practice.TestngInvocationCount"/>
</testsuite> <!-- com.techmax.practice.TestngInvocationCount -->
