<?xml version="1.0" encoding="UTF-8"?>
<!-- Generated by org.testng.reporters.JUnitReportReporter -->
<testsuite skipped="0" hostname="DESKTOP-EM3OVKO" name="com.techmax.practice.TestngDependsOnMethod" tests="3" failures="0" timestamp="16 Aug 2022 03:05:07 GMT" time="0.026" errors="0">
  <testcase name="purchaseProduct" time="0.008" classname="com.techmax.practice.TestngDependsOnMethod"/>
  <testcase name="createSupplier" time="0.013" classname="com.techmax.practice.TestngDependsOnMethod"/>
  <testcase name="createProduct" time="0.005" classname="com.techmax.practice.TestngDependsOnMethod"/>
</testsuite> <!-- com.techmax.practice.TestngDependsOnMethod -->
